-------------------------------------------------------------------------------
Test set: com.br.hrconfigserver.HrConfigServerApplicationTests
-------------------------------------------------------------------------------
Tests run: 1, Failures: 0, Errors: 1, Skipped: 0, Time elapsed: 4.418 s <<< FAILURE! - in com.br.hrconfigserver.HrConfigServerApplicationTests
com.br.hrconfigserver.HrConfigServerApplicationTests.contextLoads  Time elapsed: 0.012 s  <<< ERROR!
java.lang.IllegalStateException: Failed to load ApplicationContext
Caused by: org.springframework.beans.factory.BeanCreationException: Error creating bean with name 'defaultEnvironmentRepository' defined in class path resource [org/springframework/cloud/config/server/config/DefaultRepositoryConfiguration.class]: Invocation of init method failed; nested exception is org.eclipse.jgit.api.errors.InvalidRemoteException: Invalid remote: origin
Caused by: org.eclipse.jgit.api.errors.InvalidRemoteException: Invalid remote: origin
Caused by: org.eclipse.jgit.errors.NoRemoteRepositoryException: https://github.com/wallanpsantos/ecossistemas/tree/develop/hr-config-server-properties: https://github.com/wallanpsantos/ecossistemas/tree/develop/hr-config-server-properties/info/refs?service=git-upload-pack not found: Not Found

